Connecting to database specified by database.yml
Compiled jquery.js  (28ms)  (pid 10152)
Compiled jquery_ujs.js  (0ms)  (pid 10152)
Compiled bootstrap/affix.js  (0ms)  (pid 10152)
Compiled bootstrap/alert.js  (0ms)  (pid 10152)
Compiled bootstrap/button.js  (1ms)  (pid 10152)
Compiled bootstrap/carousel.js  (1ms)  (pid 10152)
Compiled bootstrap/collapse.js  (0ms)  (pid 10152)
Compiled bootstrap/dropdown.js  (0ms)  (pid 10152)
Compiled bootstrap/tab.js  (0ms)  (pid 10152)
Compiled bootstrap/transition.js  (1ms)  (pid 10152)
Compiled bootstrap/scrollspy.js  (0ms)  (pid 10152)
Compiled bootstrap/modal.js  (0ms)  (pid 10152)
Compiled bootstrap/tooltip.js  (0ms)  (pid 10152)
Compiled bootstrap/popover.js  (0ms)  (pid 10152)
Compiled bootstrap.js  (590ms)  (pid 10152)
Compiled dataTables/jquery.dataTables.js  (30ms)  (pid 10152)
Compiled appusers.js  (176ms)  (pid 10152)
Compiled bootstrap_and_override.js  (195ms)  (pid 10152)
Compiled jquery.dataTables.min.js  (0ms)  (pid 10152)
Compiled medications.js  (168ms)  (pid 10152)
Compiled patients.js  (194ms)  (pid 10152)
Compiled prescriptions.js  (154ms)  (pid 10152)
Compiled sessions.js  (170ms)  (pid 10152)
Compiled static_pages.js  (151ms)  (pid 10152)
Compiled users.js  (181ms)  (pid 10152)
Compiled visits.js  (156ms)  (pid 10152)
Compiled application.js  (3502ms)  (pid 10152)
Compiled bootstrap_and_overrides.css  (3805ms)  (pid 10152)
Compiled login.css  (80ms)  (pid 10152)
Compiled bootstrap.css  (3327ms)  (pid 10152)
Compiled dataTables/jquery.dataTables.css  (514ms)  (pid 10152)
Compiled jquery.ui.core.css  (3ms)  (pid 10152)
Compiled jquery.ui.theme.css  (540ms)  (pid 10152)
Compiled application.css  (8565ms)  (pid 10152)
Connecting to database specified by database.yml
Compiled jquery.js  (3ms)  (pid 8552)
Compiled jquery_ujs.js  (0ms)  (pid 8552)
Compiled bootstrap/affix.js  (0ms)  (pid 8552)
Compiled bootstrap/alert.js  (1ms)  (pid 8552)
Compiled bootstrap/button.js  (0ms)  (pid 8552)
Compiled bootstrap/carousel.js  (0ms)  (pid 8552)
Compiled bootstrap/collapse.js  (0ms)  (pid 8552)
Compiled bootstrap/dropdown.js  (1ms)  (pid 8552)
Compiled bootstrap/tab.js  (1ms)  (pid 8552)
Compiled bootstrap/transition.js  (1ms)  (pid 8552)
Compiled bootstrap/scrollspy.js  (0ms)  (pid 8552)
Compiled bootstrap/modal.js  (0ms)  (pid 8552)
Compiled bootstrap/tooltip.js  (0ms)  (pid 8552)
Compiled bootstrap/popover.js  (0ms)  (pid 8552)
Compiled bootstrap.js  (839ms)  (pid 8552)
Compiled dataTables/jquery.dataTables.js  (5ms)  (pid 8552)
Compiled appusers.js  (186ms)  (pid 8552)
Compiled bootstrap_and_override.js  (202ms)  (pid 8552)
Compiled jquery.dataTables.min.js  (0ms)  (pid 8552)
Compiled medications.js  (171ms)  (pid 8552)
Compiled patients.js  (191ms)  (pid 8552)
Compiled prescriptions.js  (162ms)  (pid 8552)
Compiled sessions.js  (174ms)  (pid 8552)
Compiled static_pages.js  (148ms)  (pid 8552)
Compiled users.js  (186ms)  (pid 8552)
Compiled visits.js  (162ms)  (pid 8552)
Compiled application.js  (3471ms)  (pid 8552)
Compiled bootstrap_and_overrides.css  (3634ms)  (pid 8552)
Compiled login.css  (66ms)  (pid 8552)
Compiled bootstrap.css  (3261ms)  (pid 8552)
Compiled dataTables/jquery.dataTables.css  (48ms)  (pid 8552)
Compiled jquery.ui.core.css  (2ms)  (pid 8552)
Compiled jquery.ui.theme.css  (12ms)  (pid 8552)
Compiled application.css  (7340ms)  (pid 8552)
Connecting to database specified by database.yml
Connecting to database specified by database.yml
