Connecting to database specified by database.yml


Started GET "/" for 127.0.0.1 at 2013-10-24 12:02:42 -0400
Processing by SessionsController#new as HTML
Completed 500 Internal Server Error in 4ms

Gem::LoadError (can't activate bcrypt-ruby (~> 3.0.0), already activated bcrypt-ruby-3.1.2. Make sure all dependencies are added to Gemfile.):
  app/models/user.rb:9:in `<class:User>'
  app/models/user.rb:1:in `<top (required)>'
  app/helpers/sessions_helper.rb:13:in `current_user'
  app/helpers/sessions_helper.rb:25:in `signed_in?'
  app/controllers/sessions_controller.rb:4:in `new'


  Rendered /Users/naivivhernandez/.rvm/gems/ruby-2.0.0-p0/gems/actionpack-3.2.11/lib/action_dispatch/middleware/templates/rescues/_trace.erb (1.1ms)
  Rendered /Users/naivivhernandez/.rvm/gems/ruby-2.0.0-p0/gems/actionpack-3.2.11/lib/action_dispatch/middleware/templates/rescues/_request_and_response.erb (0.8ms)
  Rendered /Users/naivivhernandez/.rvm/gems/ruby-2.0.0-p0/gems/actionpack-3.2.11/lib/action_dispatch/middleware/templates/rescues/diagnostics.erb within rescues/layout (11.6ms)
Connecting to database specified by database.yml
  [1m[36m (10.4ms)[0m  [1mselect sqlite_version(*)[0m
  [1m[35m (1.4ms)[0m  CREATE TABLE "schema_migrations" ("version" varchar(255) NOT NULL) 
  [1m[36m (1.1ms)[0m  [1mCREATE UNIQUE INDEX "unique_schema_migrations" ON "schema_migrations" ("version")[0m
  [1m[35m (0.1ms)[0m  SELECT "schema_migrations"."version" FROM "schema_migrations" 
Migrating to CreateUsers (20130205042245)
  [1m[36m (0.0ms)[0m  [1mbegin transaction[0m
  [1m[35m (0.4ms)[0m  CREATE TABLE "users" ("userName" varchar(255), "password_digest" varchar(255), "firstName" varchar(255), "lastName" varchar(255), "email" varchar(255), "userType" integer, "status" integer, "remember_token" varchar(255), "created_at" datetime NOT NULL, "updated_at" datetime NOT NULL) 
  [1m[36m (0.1ms)[0m  [1mINSERT INTO "schema_migrations" ("version") VALUES ('20130205042245')[0m
  [1m[35m (1.1ms)[0m  commit transaction
Migrating to CreatePatients (20130212222241)
  [1m[36m (0.1ms)[0m  [1mbegin transaction[0m
  [1m[35m (0.5ms)[0m  CREATE TABLE "patients" ("firstName" varchar(255), "familyName" varchar(255), "sex" integer, "villageName" varchar(255), "age" integer, "patientId" varchar(255), "created_at" datetime NOT NULL, "updated_at" datetime NOT NULL) 
  [1m[36m (0.2ms)[0m  [1mINSERT INTO "schema_migrations" ("version") VALUES ('20130212222241')[0m
  [1m[35m (6.6ms)[0m  commit transaction
Migrating to CreateVisits (20130222220557)
  [1m[36m (0.1ms)[0m  [1mbegin transaction[0m
  [1m[35m (15.4ms)[0m  CREATE TABLE "visits" ("triageIn" integer, "weight" float, "diagnosisTitle" varchar(255), "conditions" text, "bloodPressure" varchar(255), "triageOut" integer, "doctorIn" integer, "doctorOut" integer, "doctorId" varchar(255), "nurseId" varchar(255), "patientId" varchar(255), "observation" text, "heartRate" varchar(255), "respiration" varchar(255), "visitationId" varchar(255), "created_at" datetime NOT NULL, "updated_at" datetime NOT NULL) 
  [1m[36m (0.1ms)[0m  [1mINSERT INTO "schema_migrations" ("version") VALUES ('20130222220557')[0m
  [1m[35m (9.9ms)[0m  commit transaction
Migrating to CreatePrescriptions (20130222221034)
  [1m[36m (0.1ms)[0m  [1mbegin transaction[0m
  [1m[35m (0.4ms)[0m  CREATE TABLE "prescriptions" ("prescribedAt" integer, "medId" integer, "tabletsPerDay" integer, "timeOfDay" varchar(255), "instruction" varchar(255), "vistitId" integer, "created_at" datetime NOT NULL, "updated_at" datetime NOT NULL) 
  [1m[36m (0.1ms)[0m  [1mINSERT INTO "schema_migrations" ("version") VALUES ('20130222221034')[0m
  [1m[35m (1.1ms)[0m  commit transaction
Migrating to CreateMedications (20130222221231)
  [1m[36m (0.0ms)[0m  [1mbegin transaction[0m
  [1m[35m (0.3ms)[0m  CREATE TABLE "medications" ("medId" integer, "name" varchar(255), "numContainers" integer, "tabletsPerContainer" integer, "expiration" integer, "doseOfTablets" integer, "created_at" datetime NOT NULL, "updated_at" datetime NOT NULL) 
  [1m[36m (0.1ms)[0m  [1mINSERT INTO "schema_migrations" ("version") VALUES ('20130222221231')[0m
  [1m[35m (1.4ms)[0m  commit transaction
Migrating to CreateUserTokens (20130324140754)
  [1m[36m (0.0ms)[0m  [1mbegin transaction[0m
  [1m[35m (0.4ms)[0m  CREATE TABLE "auths" ("user_id" integer, "user_token" varchar(255), "expiration" varchar(255), "access_token" varchar(255), "created_at" datetime NOT NULL, "updated_at" datetime NOT NULL) 
  [1m[36m (0.1ms)[0m  [1mINSERT INTO "schema_migrations" ("version") VALUES ('20130324140754')[0m
  [1m[35m (1.3ms)[0m  commit transaction
Migrating to CreateAppusers (20130324181529)
  [1m[36m (0.0ms)[0m  [1mbegin transaction[0m
  [1m[35m (0.3ms)[0m  CREATE TABLE "appusers" ("userName" varchar(255), "password" varchar(255), "firstName" varchar(255), "lastName" varchar(255), "email" varchar(255), "userType" integer, "status" integer, "secondaryTypes" integer, "created_at" datetime NOT NULL, "updated_at" datetime NOT NULL) 
  [1m[36m (0.1ms)[0m  [1mINSERT INTO "schema_migrations" ("version") VALUES ('20130324181529')[0m
  [1m[35m (1.2ms)[0m  commit transaction
Migrating to AddIndexsl (20130329154528)
  [1m[36m (0.0ms)[0m  [1mbegin transaction[0m
  [1m[35m (0.3ms)[0m  CREATE UNIQUE INDEX "index_users_on_userName_and_email" ON "users" ("userName", "email")
  [1m[36m (0.7ms)[0m  [1mCREATE UNIQUE INDEX "index_appusers_on_userName_and_email" ON "appusers" ("userName", "email")[0m
  [1m[35m (0.1ms)[0m  CREATE UNIQUE INDEX "index_medications_on_medId" ON "medications" ("medId")
  [1m[36m (0.1ms)[0m  [1mCREATE UNIQUE INDEX "index_patients_on_patientId" ON "patients" ("patientId")[0m
  [1m[35m (0.1ms)[0m  CREATE UNIQUE INDEX "index_prescriptions_on_vistitId" ON "prescriptions" ("vistitId")
  [1m[36m (0.1ms)[0m  [1mCREATE UNIQUE INDEX "index_visits_on_visitationId" ON "visits" ("visitationId")[0m
  [1m[35m (0.1ms)[0m  INSERT INTO "schema_migrations" ("version") VALUES ('20130329154528')
  [1m[36m (1.2ms)[0m  [1mcommit transaction[0m
Migrating to AddAttachmentPictureToPatients (20130331195220)
  [1m[35m (0.0ms)[0m  begin transaction
  [1m[36m (0.3ms)[0m  [1mALTER TABLE "patients" ADD "picture_file_name" varchar(255)[0m
  [1m[35m (0.1ms)[0m  ALTER TABLE "patients" ADD "picture_content_type" varchar(255)
  [1m[36m (0.1ms)[0m  [1mALTER TABLE "patients" ADD "picture_file_size" integer[0m
  [1m[35m (0.1ms)[0m  ALTER TABLE "patients" ADD "picture_updated_at" datetime
  [1m[36m (0.1ms)[0m  [1mINSERT INTO "schema_migrations" ("version") VALUES ('20130331195220')[0m
  [1m[35m (0.9ms)[0m  commit transaction
Migrating to AddAttachmentAvatarToAppusers (20130331211106)
  [1m[36m (0.0ms)[0m  [1mbegin transaction[0m
  [1m[35m (0.3ms)[0m  ALTER TABLE "appusers" ADD "avatar_file_name" varchar(255)
  [1m[36m (0.2ms)[0m  [1mALTER TABLE "appusers" ADD "avatar_content_type" varchar(255)[0m
  [1m[35m (0.2ms)[0m  ALTER TABLE "appusers" ADD "avatar_file_size" integer
  [1m[36m (0.1ms)[0m  [1mALTER TABLE "appusers" ADD "avatar_updated_at" datetime[0m
  [1m[35m (0.1ms)[0m  INSERT INTO "schema_migrations" ("version") VALUES ('20130331211106')
  [1m[36m (1.0ms)[0m  [1mcommit transaction[0m
Migrating to AddAttachmentAvatarToUsers (20130406190110)
  [1m[35m (0.0ms)[0m  begin transaction
  [1m[36m (0.3ms)[0m  [1mALTER TABLE "users" ADD "avatar_file_name" varchar(255)[0m
  [1m[35m (0.1ms)[0m  ALTER TABLE "users" ADD "avatar_content_type" varchar(255)
  [1m[36m (0.2ms)[0m  [1mALTER TABLE "users" ADD "avatar_file_size" integer[0m
  [1m[35m (0.2ms)[0m  ALTER TABLE "users" ADD "avatar_updated_at" datetime
  [1m[36m (0.1ms)[0m  [1mINSERT INTO "schema_migrations" ("version") VALUES ('20130406190110')[0m
  [1m[35m (1.1ms)[0m  commit transaction
Migrating to AddMedNotesToMedication (20130423222846)
  [1m[36m (0.0ms)[0m  [1mbegin transaction[0m
  [1m[35m (0.2ms)[0m  INSERT INTO "schema_migrations" ("version") VALUES ('20130423222846')
  [1m[36m (1.0ms)[0m  [1mcommit transaction[0m
Migrating to AddNotesToMedication (20130423223018)
  [1m[35m (0.0ms)[0m  begin transaction
  [1m[36m (0.3ms)[0m  [1mALTER TABLE "medications" ADD "notes" varchar(255)[0m
  [1m[35m (0.1ms)[0m  INSERT INTO "schema_migrations" ("version") VALUES ('20130423223018')
  [1m[36m (1.0ms)[0m  [1mcommit transaction[0m
  [1m[35m (0.1ms)[0m  SELECT "schema_migrations"."version" FROM "schema_migrations" 
Connecting to database specified by database.yml


Started GET "/" for 127.0.0.1 at 2013-10-24 19:30:41 -0400
Processing by SessionsController#new as HTML
Completed 500 Internal Server Error in 4ms

Gem::LoadError (can't activate bcrypt-ruby (~> 3.0.0), already activated bcrypt-ruby-3.1.2. Make sure all dependencies are added to Gemfile.):
  app/models/user.rb:9:in `<class:User>'
  app/models/user.rb:1:in `<top (required)>'
  app/helpers/sessions_helper.rb:13:in `current_user'
  app/helpers/sessions_helper.rb:25:in `signed_in?'
  app/controllers/sessions_controller.rb:4:in `new'


  Rendered /Users/naivivhernandez/.rvm/gems/ruby-2.0.0-p0/gems/actionpack-3.2.11/lib/action_dispatch/middleware/templates/rescues/_trace.erb (1.7ms)
  Rendered /Users/naivivhernandez/.rvm/gems/ruby-2.0.0-p0/gems/actionpack-3.2.11/lib/action_dispatch/middleware/templates/rescues/_request_and_response.erb (1.3ms)
  Rendered /Users/naivivhernandez/.rvm/gems/ruby-2.0.0-p0/gems/actionpack-3.2.11/lib/action_dispatch/middleware/templates/rescues/diagnostics.erb within rescues/layout (14.3ms)
Connecting to database specified by database.yml


Started GET "/" for 127.0.0.1 at 2013-10-24 19:32:20 -0400
Processing by SessionsController#new as HTML
DEPRECATION WARNING: Calling set_primary_key is deprecated. Please use `self.primary_key = 'the_name'` instead. (called from <class:User> at /Users/naivivhernandez/Documents/Cloud App/app/models/user.rb:31)
  [1m[36mUser Load (17.0ms)[0m  [1mSELECT "users".* FROM "users" WHERE "users"."remember_token" IS NULL LIMIT 1[0m
  Rendered sessions/new.html.erb within layouts/application (13.7ms)
Compiled appusers.css  (86ms)  (pid 47539)
Completed 500 Internal Server Error in 968ms

ActionView::Template::Error (Unrecognised input
  (in /Users/naivivhernandez/Documents/Cloud App/app/assets/stylesheets/bootstrap_and_overrides.css.less)):
    12:       <script src="//cdnjs.cloudflare.com/ajax/libs/html5shiv/3.6.1/html5shiv.js" type="text/javascript"></script>
    13:       <![endif]-->
    14: 
    15:       <%= stylesheet_link_tag "application", :media => "all" %>
    16:     </head>
    17:     <body>
    18:       <% if signed_in? %>
  app/views/layouts/application.html.erb:15:in `_app_views_layouts_application_html_erb__2532945615035906112_70356267149940'


  Rendered /Users/naivivhernandez/.rvm/gems/ruby-2.0.0-p0/gems/actionpack-3.2.11/lib/action_dispatch/middleware/templates/rescues/_trace.erb (1.1ms)
  Rendered /Users/naivivhernandez/.rvm/gems/ruby-2.0.0-p0/gems/actionpack-3.2.11/lib/action_dispatch/middleware/templates/rescues/_request_and_response.erb (0.7ms)
  Rendered /Users/naivivhernandez/.rvm/gems/ruby-2.0.0-p0/gems/actionpack-3.2.11/lib/action_dispatch/middleware/templates/rescues/template_error.erb within rescues/layout (11.2ms)
Connecting to database specified by database.yml


Started GET "/" for 127.0.0.1 at 2013-10-24 19:33:02 -0400
Processing by SessionsController#new as HTML
DEPRECATION WARNING: Calling set_primary_key is deprecated. Please use `self.primary_key = 'the_name'` instead. (called from <class:User> at /Users/naivivhernandez/Documents/Cloud App/app/models/user.rb:31)
  [1m[36mUser Load (17.0ms)[0m  [1mSELECT "users".* FROM "users" WHERE "users"."remember_token" IS NULL LIMIT 1[0m
  Rendered sessions/new.html.erb within layouts/application (3.8ms)
Completed 500 Internal Server Error in 567ms

ActionView::Template::Error (Unrecognised input
  (in /Users/naivivhernandez/Documents/Cloud App/app/assets/stylesheets/bootstrap_and_overrides.css.less)):
    12:       <script src="//cdnjs.cloudflare.com/ajax/libs/html5shiv/3.6.1/html5shiv.js" type="text/javascript"></script>
    13:       <![endif]-->
    14: 
    15:       <%= stylesheet_link_tag "application", :media => "all" %>
    16:     </head>
    17:     <body>
    18:       <% if signed_in? %>
  app/views/layouts/application.html.erb:15:in `_app_views_layouts_application_html_erb___1722615928774934261_70263763868220'


  Rendered /Users/naivivhernandez/.rvm/gems/ruby-2.0.0-p0/gems/actionpack-3.2.11/lib/action_dispatch/middleware/templates/rescues/_trace.erb (1.5ms)
  Rendered /Users/naivivhernandez/.rvm/gems/ruby-2.0.0-p0/gems/actionpack-3.2.11/lib/action_dispatch/middleware/templates/rescues/_request_and_response.erb (1.1ms)
  Rendered /Users/naivivhernandez/.rvm/gems/ruby-2.0.0-p0/gems/actionpack-3.2.11/lib/action_dispatch/middleware/templates/rescues/template_error.erb within rescues/layout (11.4ms)
Connecting to database specified by database.yml
  [1m[36m (0.1ms)[0m  [1mSELECT "schema_migrations"."version" FROM "schema_migrations" [0m
Migrating to CreateUsers (20130205042245)
Migrating to CreatePatients (20130212222241)
Migrating to CreateVisits (20130222220557)
Migrating to CreatePrescriptions (20130222221034)
Migrating to CreateMedications (20130222221231)
Migrating to CreateUserTokens (20130324140754)
Migrating to CreateAppusers (20130324181529)
Migrating to AddIndexsl (20130329154528)
Migrating to AddAttachmentPictureToPatients (20130331195220)
Migrating to AddAttachmentAvatarToAppusers (20130331211106)
Migrating to AddAttachmentAvatarToUsers (20130406190110)
Migrating to AddMedNotesToMedication (20130423222846)
Migrating to AddNotesToMedication (20130423223018)
  [1m[35m (0.1ms)[0m  select sqlite_version(*)
  [1m[36m (0.2ms)[0m  [1mSELECT "schema_migrations"."version" FROM "schema_migrations" [0m
Connecting to database specified by database.yml
  [1m[36m (0.1ms)[0m  [1mSELECT "schema_migrations"."version" FROM "schema_migrations" [0m
DEPRECATION WARNING: Calling set_primary_key is deprecated. Please use `self.primary_key = 'the_name'` instead. (called from <class:User> at /Users/naivivhernandez/Documents/Cloud App/app/models/user.rb:31)
  [1m[35m (0.1ms)[0m  begin transaction
  [1m[36mUser Exists (16.2ms)[0m  [1mSELECT 1 AS one FROM "users" WHERE "users"."userName" = 'Admin' LIMIT 1[0m
  [1m[35mUser Exists (0.3ms)[0m  SELECT 1 AS one FROM "users" WHERE "users"."email" = 'Admin@example.com' LIMIT 1
Binary data inserted for `string` type on column `password_digest`
  [1m[36mSQL (32.2ms)[0m  [1mINSERT INTO "users" ("avatar_content_type", "avatar_file_name", "avatar_file_size", "avatar_updated_at", "created_at", "email", "firstName", "lastName", "password_digest", "remember_token", "status", "updated_at", "userName", "userType") VALUES (?, ?, ?, ?, ?, ?, ?, ?, ?, ?, ?, ?, ?, ?)[0m  [["avatar_content_type", nil], ["avatar_file_name", nil], ["avatar_file_size", nil], ["avatar_updated_at", nil], ["created_at", Thu, 24 Oct 2013 23:45:38 UTC +00:00], ["email", "admin@example.com"], ["firstName", "Ray"], ["lastName", "Misomali"], ["password_digest", "$2a$10$SS/Cimd2L7o3HiMVYuwcluE1Jdd2LUuP91Q6KQ4r/JRlccGxRThui"], ["remember_token", "T-gbscCTsZUWuwoquEgM-w"], ["status", 1], ["updated_at", Thu, 24 Oct 2013 23:45:38 UTC +00:00], ["userName", "admin"], ["userType", 0]]
  [1m[35m (1.2ms)[0m  commit transaction
  [1m[36m (0.1ms)[0m  [1mbegin transaction[0m
  [1m[35mUser Exists (0.1ms)[0m  SELECT 1 AS one FROM "users" WHERE "users"."userName" = 'epere250' LIMIT 1
  [1m[36mUser Exists (0.1ms)[0m  [1mSELECT 1 AS one FROM "users" WHERE "users"."email" = 'epere250@fiu.edu' LIMIT 1[0m
Binary data inserted for `string` type on column `password_digest`
  [1m[35mSQL (0.4ms)[0m  INSERT INTO "users" ("avatar_content_type", "avatar_file_name", "avatar_file_size", "avatar_updated_at", "created_at", "email", "firstName", "lastName", "password_digest", "remember_token", "status", "updated_at", "userName", "userType") VALUES (?, ?, ?, ?, ?, ?, ?, ?, ?, ?, ?, ?, ?, ?)  [["avatar_content_type", nil], ["avatar_file_name", nil], ["avatar_file_size", nil], ["avatar_updated_at", nil], ["created_at", Thu, 24 Oct 2013 23:45:38 UTC +00:00], ["email", "epere250@fiu.edu"], ["firstName", "Ernesto"], ["lastName", "Perez"], ["password_digest", "$2a$10$YwFymx6hBsaD4pzicOEc/eHOzjPbXcYJgR2YNtIafYpmMljIfq7T."], ["remember_token", "tZIbYRnxFAsd27brtnvV4Q"], ["status", 1], ["updated_at", Thu, 24 Oct 2013 23:45:38 UTC +00:00], ["userName", "epere250"], ["userType", 0]]
  [1m[36m (1.5ms)[0m  [1mcommit transaction[0m
  [1m[35m (0.0ms)[0m  begin transaction
  [1m[36mUser Exists (0.1ms)[0m  [1mSELECT 1 AS one FROM "users" WHERE "users"."userName" = 'hsuar001' LIMIT 1[0m
  [1m[35mUser Exists (0.0ms)[0m  SELECT 1 AS one FROM "users" WHERE "users"."email" = 'hsuar001@fiu.edu' LIMIT 1
Binary data inserted for `string` type on column `password_digest`
  [1m[36mSQL (0.4ms)[0m  [1mINSERT INTO "users" ("avatar_content_type", "avatar_file_name", "avatar_file_size", "avatar_updated_at", "created_at", "email", "firstName", "lastName", "password_digest", "remember_token", "status", "updated_at", "userName", "userType") VALUES (?, ?, ?, ?, ?, ?, ?, ?, ?, ?, ?, ?, ?, ?)[0m  [["avatar_content_type", nil], ["avatar_file_name", nil], ["avatar_file_size", nil], ["avatar_updated_at", nil], ["created_at", Thu, 24 Oct 2013 23:45:38 UTC +00:00], ["email", "hsuar001@fiu.edu"], ["firstName", "Humberto"], ["lastName", "Suarez"], ["password_digest", "$2a$10$PuzNxFZSCbEyrKBiJ4TpVOETKovEd.6dri4AZWLqOZXqZE1dSS.xC"], ["remember_token", "KE0ZB8XVp375rSpRfh8dmg"], ["status", 1], ["updated_at", Thu, 24 Oct 2013 23:45:38 UTC +00:00], ["userName", "hsuar001"], ["userType", 0]]
  [1m[35m (1.4ms)[0m  commit transaction
  [1m[36m (0.0ms)[0m  [1mbegin transaction[0m
  [1m[35mUser Exists (0.1ms)[0m  SELECT 1 AS one FROM "users" WHERE "users"."userName" = 'kdiaz020' LIMIT 1
  [1m[36mUser Exists (0.1ms)[0m  [1mSELECT 1 AS one FROM "users" WHERE "users"."email" = 'kdiaz020@fiu.edu' LIMIT 1[0m
Binary data inserted for `string` type on column `password_digest`
  [1m[35mSQL (0.4ms)[0m  INSERT INTO "users" ("avatar_content_type", "avatar_file_name", "avatar_file_size", "avatar_updated_at", "created_at", "email", "firstName", "lastName", "password_digest", "remember_token", "status", "updated_at", "userName", "userType") VALUES (?, ?, ?, ?, ?, ?, ?, ?, ?, ?, ?, ?, ?, ?)  [["avatar_content_type", nil], ["avatar_file_name", nil], ["avatar_file_size", nil], ["avatar_updated_at", nil], ["created_at", Thu, 24 Oct 2013 23:45:38 UTC +00:00], ["email", "kdiaz020@fiu.edu"], ["firstName", "Kevin"], ["lastName", "Diaz"], ["password_digest", "$2a$10$9Q.uLDc60P3hrrjeNo9/yepN6/51XD.oMvuvlrpqNOa9X9Uowxv86"], ["remember_token", "o0Hvkkjcx16X6HBxFvWx0g"], ["status", 1], ["updated_at", Thu, 24 Oct 2013 23:45:38 UTC +00:00], ["userName", "kdiaz020"], ["userType", 0]]
  [1m[36m (1.4ms)[0m  [1mcommit transaction[0m
  [1m[35m (0.0ms)[0m  begin transaction
  [1m[36mUser Exists (0.1ms)[0m  [1mSELECT 1 AS one FROM "users" WHERE "users"."userName" = 'jmend010' LIMIT 1[0m
  [1m[35mUser Exists (0.1ms)[0m  SELECT 1 AS one FROM "users" WHERE "users"."email" = 'jmend010@fiu.edu' LIMIT 1
Binary data inserted for `string` type on column `password_digest`
  [1m[36mSQL (0.4ms)[0m  [1mINSERT INTO "users" ("avatar_content_type", "avatar_file_name", "avatar_file_size", "avatar_updated_at", "created_at", "email", "firstName", "lastName", "password_digest", "remember_token", "status", "updated_at", "userName", "userType") VALUES (?, ?, ?, ?, ?, ?, ?, ?, ?, ?, ?, ?, ?, ?)[0m  [["avatar_content_type", nil], ["avatar_file_name", nil], ["avatar_file_size", nil], ["avatar_updated_at", nil], ["created_at", Thu, 24 Oct 2013 23:45:38 UTC +00:00], ["email", "jmend010@fiu.edu"], ["firstName", "Jamez"], ["lastName", "Mendez"], ["password_digest", "$2a$10$vftzBGXJ4SvQ.UMzg.IfjeFeOg9Pi3usBDIhQj759k8gkSVPXtuZi"], ["remember_token", "LYA5JkfDAT-0By6beGraJA"], ["status", 1], ["updated_at", Thu, 24 Oct 2013 23:45:38 UTC +00:00], ["userName", "jmend010"], ["userType", 0]]
  [1m[35m (1.7ms)[0m  commit transaction
  [1m[36m (0.0ms)[0m  [1mbegin transaction[0m
  [1m[35mUser Exists (0.1ms)[0m  SELECT 1 AS one FROM "users" WHERE "users"."userName" = 'rkeeper' LIMIT 1
  [1m[36mUser Exists (0.1ms)[0m  [1mSELECT 1 AS one FROM "users" WHERE "users"."email" = 'rkeeper@example.com' LIMIT 1[0m
Binary data inserted for `string` type on column `password_digest`
  [1m[35mSQL (0.6ms)[0m  INSERT INTO "users" ("avatar_content_type", "avatar_file_name", "avatar_file_size", "avatar_updated_at", "created_at", "email", "firstName", "lastName", "password_digest", "remember_token", "status", "updated_at", "userName", "userType") VALUES (?, ?, ?, ?, ?, ?, ?, ?, ?, ?, ?, ?, ?, ?)  [["avatar_content_type", nil], ["avatar_file_name", nil], ["avatar_file_size", nil], ["avatar_updated_at", nil], ["created_at", Thu, 24 Oct 2013 23:45:38 UTC +00:00], ["email", "rkeeper@example.com"], ["firstName", "Steve"], ["lastName", "Luis"], ["password_digest", "$2a$10$sd46NPK6/vdnh1xkf3pT0.EjuvbamO/ZsTdf8o0RfdnT3Xy16Hvy."], ["remember_token", "iSE_XkiQ5_HTJl20IT3SGg"], ["status", 1], ["updated_at", Thu, 24 Oct 2013 23:45:38 UTC +00:00], ["userName", "rkeeper"], ["userType", 1]]
  [1m[36m (1.4ms)[0m  [1mcommit transaction[0m
Connecting to database specified by database.yml


Started GET "/" for 127.0.0.1 at 2013-10-24 19:45:49 -0400
Processing by SessionsController#new as HTML
DEPRECATION WARNING: Calling set_primary_key is deprecated. Please use `self.primary_key = 'the_name'` instead. (called from <class:User> at /Users/naivivhernandez/Documents/Cloud App/app/models/user.rb:31)
  [1m[36mUser Load (0.1ms)[0m  [1mSELECT "users".* FROM "users" WHERE "users"."remember_token" IS NULL LIMIT 1[0m
  Rendered sessions/new.html.erb within layouts/application (2.8ms)
Completed 500 Internal Server Error in 579ms

ActionView::Template::Error (Unrecognised input
  (in /Users/naivivhernandez/Documents/Cloud App/app/assets/stylesheets/bootstrap_and_overrides.css.less)):
    12:       <script src="//cdnjs.cloudflare.com/ajax/libs/html5shiv/3.6.1/html5shiv.js" type="text/javascript"></script>
    13:       <![endif]-->
    14: 
    15:       <%= stylesheet_link_tag "application", :media => "all" %>
    16:     </head>
    17:     <body>
    18:       <% if signed_in? %>
  app/views/layouts/application.html.erb:15:in `_app_views_layouts_application_html_erb___1919147841076786323_70317800707140'


  Rendered /Users/naivivhernandez/.rvm/gems/ruby-2.0.0-p0/gems/actionpack-3.2.11/lib/action_dispatch/middleware/templates/rescues/_trace.erb (1.9ms)
  Rendered /Users/naivivhernandez/.rvm/gems/ruby-2.0.0-p0/gems/actionpack-3.2.11/lib/action_dispatch/middleware/templates/rescues/_request_and_response.erb (0.9ms)
  Rendered /Users/naivivhernandez/.rvm/gems/ruby-2.0.0-p0/gems/actionpack-3.2.11/lib/action_dispatch/middleware/templates/rescues/template_error.erb within rescues/layout (12.9ms)
Connecting to database specified by database.yml


Started GET "/" for 127.0.0.1 at 2013-10-24 19:49:27 -0400
Processing by SessionsController#new as HTML
DEPRECATION WARNING: Calling set_primary_key is deprecated. Please use `self.primary_key = 'the_name'` instead. (called from <class:User> at /Users/naivivhernandez/Documents/Cloud App/app/models/user.rb:31)
  [1m[36mUser Load (0.1ms)[0m  [1mSELECT "users".* FROM "users" WHERE "users"."remember_token" IS NULL LIMIT 1[0m
  Rendered sessions/new.html.erb within layouts/application (3.0ms)
Completed 500 Internal Server Error in 610ms

ActionView::Template::Error (Unrecognised input
  (in /Users/naivivhernandez/Documents/Cloud App/app/assets/stylesheets/bootstrap_and_overrides.css.less)):
    12:       <script src="//cdnjs.cloudflare.com/ajax/libs/html5shiv/3.6.1/html5shiv.js" type="text/javascript"></script>
    13:       <![endif]-->
    14: 
    15:       <%= stylesheet_link_tag "application", :media => "all" %>
    16:     </head>
    17:     <body>
    18:       <% if signed_in? %>
  app/views/layouts/application.html.erb:15:in `_app_views_layouts_application_html_erb__3730426309807803694_70098959522180'


  Rendered /Users/naivivhernandez/.rvm/gems/ruby-2.0.0-p0/gems/actionpack-3.2.11/lib/action_dispatch/middleware/templates/rescues/_trace.erb (1.4ms)
  Rendered /Users/naivivhernandez/.rvm/gems/ruby-2.0.0-p0/gems/actionpack-3.2.11/lib/action_dispatch/middleware/templates/rescues/_request_and_response.erb (1.0ms)
  Rendered /Users/naivivhernandez/.rvm/gems/ruby-2.0.0-p0/gems/actionpack-3.2.11/lib/action_dispatch/middleware/templates/rescues/template_error.erb within rescues/layout (12.5ms)


Started GET "/" for 127.0.0.1 at 2013-10-24 19:49:31 -0400
Processing by SessionsController#new as HTML
  [1m[35mUser Load (0.1ms)[0m  SELECT "users".* FROM "users" WHERE "users"."remember_token" IS NULL LIMIT 1
  Rendered sessions/new.html.erb within layouts/application (0.8ms)
Completed 500 Internal Server Error in 414ms

ActionView::Template::Error (Unrecognised input
  (in /Users/naivivhernandez/Documents/Cloud App/app/assets/stylesheets/bootstrap_and_overrides.css.less)):
    12:       <script src="//cdnjs.cloudflare.com/ajax/libs/html5shiv/3.6.1/html5shiv.js" type="text/javascript"></script>
    13:       <![endif]-->
    14: 
    15:       <%= stylesheet_link_tag "application", :media => "all" %>
    16:     </head>
    17:     <body>
    18:       <% if signed_in? %>
  app/views/layouts/application.html.erb:15:in `_app_views_layouts_application_html_erb__3730426309807803694_70098959522180'


  Rendered /Users/naivivhernandez/.rvm/gems/ruby-2.0.0-p0/gems/actionpack-3.2.11/lib/action_dispatch/middleware/templates/rescues/_trace.erb (1.0ms)
  Rendered /Users/naivivhernandez/.rvm/gems/ruby-2.0.0-p0/gems/actionpack-3.2.11/lib/action_dispatch/middleware/templates/rescues/_request_and_response.erb (0.9ms)
  Rendered /Users/naivivhernandez/.rvm/gems/ruby-2.0.0-p0/gems/actionpack-3.2.11/lib/action_dispatch/middleware/templates/rescues/template_error.erb within rescues/layout (7.9ms)
Connecting to database specified by database.yml


Started GET "/" for 127.0.0.1 at 2013-10-24 19:54:44 -0400
Processing by SessionsController#new as HTML
DEPRECATION WARNING: Calling set_primary_key is deprecated. Please use `self.primary_key = 'the_name'` instead. (called from <class:User> at /Users/naivivhernandez/Documents/Cloud App/app/models/user.rb:31)
  [1m[36mUser Load (0.1ms)[0m  [1mSELECT "users".* FROM "users" WHERE "users"."remember_token" IS NULL LIMIT 1[0m
  Rendered sessions/new.html.erb within layouts/application (2.7ms)
Compiled bootstrap_and_overrides.css  (727ms)  (pid 47726)
Compiled login.css  (0ms)  (pid 47726)
Compiled medications.css  (30ms)  (pid 47726)
Compiled patients.css  (1ms)  (pid 47726)
Compiled prescriptions.css  (1ms)  (pid 47726)
Compiled sessions.css  (2ms)  (pid 47726)
Compiled users.css  (23ms)  (pid 47726)
Compiled visits.css  (26ms)  (pid 47726)
Compiled dataTables/jquery.dataTables.css  (63ms)  (pid 47726)
Compiled jquery.ui.core.css  (2ms)  (pid 47726)
Compiled jquery.ui.theme.css  (9ms)  (pid 47726)
Compiled application.css  (1248ms)  (pid 47726)
  [1m[35mCACHE (0.0ms)[0m  SELECT "users".* FROM "users" WHERE "users"."remember_token" IS NULL LIMIT 1
Compiled jquery.js  (4ms)  (pid 47726)
Compiled jquery_ujs.js  (0ms)  (pid 47726)
Compiled twitter/bootstrap/bootstrap-transition.js  (0ms)  (pid 47726)
Compiled twitter/bootstrap/bootstrap-alert.js  (0ms)  (pid 47726)
Compiled twitter/bootstrap/bootstrap-modal.js  (0ms)  (pid 47726)
Compiled twitter/bootstrap/bootstrap-dropdown.js  (0ms)  (pid 47726)
Compiled twitter/bootstrap/bootstrap-scrollspy.js  (0ms)  (pid 47726)
Compiled twitter/bootstrap/bootstrap-tab.js  (0ms)  (pid 47726)
Compiled twitter/bootstrap/bootstrap-tooltip.js  (0ms)  (pid 47726)
Compiled twitter/bootstrap/bootstrap-popover.js  (0ms)  (pid 47726)
Compiled twitter/bootstrap/bootstrap-button.js  (0ms)  (pid 47726)
Compiled twitter/bootstrap/bootstrap-collapse.js  (0ms)  (pid 47726)
Compiled twitter/bootstrap/bootstrap-carousel.js  (0ms)  (pid 47726)
Compiled twitter/bootstrap/bootstrap-typeahead.js  (0ms)  (pid 47726)
Compiled twitter/bootstrap/bootstrap-affix.js  (0ms)  (pid 47726)
Compiled twitter/bootstrap.js  (89ms)  (pid 47726)
Compiled dataTables/jquery.dataTables.js  (40ms)  (pid 47726)
Compiled appusers.js  (99ms)  (pid 47726)
Compiled bootstrap.js  (2ms)  (pid 47726)
Compiled jquery.dataTables.min.js  (1ms)  (pid 47726)
Compiled medications.js  (1ms)  (pid 47726)
Compiled patients.js  (2ms)  (pid 47726)
Compiled prescriptions.js  (0ms)  (pid 47726)
Compiled sessions.js  (0ms)  (pid 47726)
Compiled static_pages.js  (0ms)  (pid 47726)
Compiled users.js  (3ms)  (pid 47726)
Compiled visits.js  (27ms)  (pid 47726)
Compiled application.js  (463ms)  (pid 47726)
Completed 200 OK in 2004ms (Views: 1940.7ms | ActiveRecord: 21.4ms)


Started GET "/assets/application.css?body=1" for 127.0.0.1 at 2013-10-24 19:54:46 -0400
Served asset /application.css - 200 OK (17ms)


Started GET "/assets/bootstrap_and_overrides.css?body=1" for 127.0.0.1 at 2013-10-24 19:54:46 -0400
Served asset /bootstrap_and_overrides.css - 200 OK (5ms)


Started GET "/assets/login.css?body=1" for 127.0.0.1 at 2013-10-24 19:54:46 -0400
Served asset /login.css - 200 OK (4ms)


Started GET "/assets/appusers.css?body=1" for 127.0.0.1 at 2013-10-24 19:54:46 -0400
Served asset /appusers.css - 200 OK (2ms)


Started GET "/assets/medications.css?body=1" for 127.0.0.1 at 2013-10-24 19:54:46 -0400
Served asset /medications.css - 200 OK (2ms)


Started GET "/assets/patients.css?body=1" for 127.0.0.1 at 2013-10-24 19:54:46 -0400
Served asset /patients.css - 200 OK (4ms)


Started GET "/assets/prescriptions.css?body=1" for 127.0.0.1 at 2013-10-24 19:54:46 -0400
Served asset /prescriptions.css - 200 OK (3ms)


Started GET "/assets/sessions.css?body=1" for 127.0.0.1 at 2013-10-24 19:54:46 -0400
Served asset /sessions.css - 200 OK (4ms)


Started GET "/assets/users.css?body=1" for 127.0.0.1 at 2013-10-24 19:54:46 -0400
Served asset /users.css - 200 OK (5ms)


Started GET "/assets/visits.css?body=1" for 127.0.0.1 at 2013-10-24 19:54:46 -0400
Served asset /visits.css - 200 OK (4ms)


Started GET "/assets/dataTables/jquery.dataTables.css?body=1" for 127.0.0.1 at 2013-10-24 19:54:46 -0400
Served asset /dataTables/jquery.dataTables.css - 200 OK (6ms)


Started GET "/assets/jquery.ui.core.css?body=1" for 127.0.0.1 at 2013-10-24 19:54:46 -0400
Served asset /jquery.ui.core.css - 200 OK (6ms)


Started GET "/assets/jquery.ui.theme.css?body=1" for 127.0.0.1 at 2013-10-24 19:54:46 -0400
Served asset /jquery.ui.theme.css - 200 OK (6ms)


Started GET "/css/login.css" for 127.0.0.1 at 2013-10-24 19:54:46 -0400

ActionController::RoutingError (No route matches [GET] "/css/login.css"):
  actionpack (3.2.11) lib/action_dispatch/middleware/debug_exceptions.rb:21:in `call'
  actionpack (3.2.11) lib/action_dispatch/middleware/show_exceptions.rb:56:in `call'
  railties (3.2.11) lib/rails/rack/logger.rb:32:in `call_app'
  railties (3.2.11) lib/rails/rack/logger.rb:16:in `block in call'
  activesupport (3.2.11) lib/active_support/tagged_logging.rb:22:in `tagged'
  railties (3.2.11) lib/rails/rack/logger.rb:16:in `call'
  actionpack (3.2.11) lib/action_dispatch/middleware/request_id.rb:22:in `call'
  rack (1.4.5) lib/rack/methodoverride.rb:21:in `call'
  rack (1.4.5) lib/rack/runtime.rb:17:in `call'
  activesupport (3.2.11) lib/active_support/cache/strategy/local_cache.rb:72:in `call'
  rack (1.4.5) lib/rack/lock.rb:15:in `call'
  actionpack (3.2.11) lib/action_dispatch/middleware/static.rb:62:in `call'
  railties (3.2.11) lib/rails/engine.rb:479:in `call'
  railties (3.2.11) lib/rails/application.rb:223:in `call'
  rack (1.4.5) lib/rack/content_length.rb:14:in `call'
  railties (3.2.11) lib/rails/rack/log_tailer.rb:17:in `call'
  rack (1.4.5) lib/rack/handler/webrick.rb:59:in `service'
  /Users/naivivhernandez/.rvm/rubies/ruby-2.0.0-p0/lib/ruby/2.0.0/webrick/httpserver.rb:138:in `service'
  /Users/naivivhernandez/.rvm/rubies/ruby-2.0.0-p0/lib/ruby/2.0.0/webrick/httpserver.rb:94:in `run'
  /Users/naivivhernandez/.rvm/rubies/ruby-2.0.0-p0/lib/ruby/2.0.0/webrick/server.rb:295:in `block in start_thread'


  Rendered /Users/naivivhernandez/.rvm/gems/ruby-2.0.0-p0/gems/actionpack-3.2.11/lib/action_dispatch/middleware/templates/rescues/routing_error.erb within rescues/layout (0.7ms)


Started GET "/css/bootstrap.css" for 127.0.0.1 at 2013-10-24 19:54:46 -0400

ActionController::RoutingError (No route matches [GET] "/css/bootstrap.css"):
  actionpack (3.2.11) lib/action_dispatch/middleware/debug_exceptions.rb:21:in `call'
  actionpack (3.2.11) lib/action_dispatch/middleware/show_exceptions.rb:56:in `call'
  railties (3.2.11) lib/rails/rack/logger.rb:32:in `call_app'
  railties (3.2.11) lib/rails/rack/logger.rb:16:in `block in call'
  activesupport (3.2.11) lib/active_support/tagged_logging.rb:22:in `tagged'
  railties (3.2.11) lib/rails/rack/logger.rb:16:in `call'
  actionpack (3.2.11) lib/action_dispatch/middleware/request_id.rb:22:in `call'
  rack (1.4.5) lib/rack/methodoverride.rb:21:in `call'
  rack (1.4.5) lib/rack/runtime.rb:17:in `call'
  activesupport (3.2.11) lib/active_support/cache/strategy/local_cache.rb:72:in `call'
  rack (1.4.5) lib/rack/lock.rb:15:in `call'
  actionpack (3.2.11) lib/action_dispatch/middleware/static.rb:62:in `call'
  railties (3.2.11) lib/rails/engine.rb:479:in `call'
  railties (3.2.11) lib/rails/application.rb:223:in `call'
  rack (1.4.5) lib/rack/content_length.rb:14:in `call'
  railties (3.2.11) lib/rails/rack/log_tailer.rb:17:in `call'
  rack (1.4.5) lib/rack/handler/webrick.rb:59:in `service'
  /Users/naivivhernandez/.rvm/rubies/ruby-2.0.0-p0/lib/ruby/2.0.0/webrick/httpserver.rb:138:in `service'
  /Users/naivivhernandez/.rvm/rubies/ruby-2.0.0-p0/lib/ruby/2.0.0/webrick/httpserver.rb:94:in `run'
  /Users/naivivhernandez/.rvm/rubies/ruby-2.0.0-p0/lib/ruby/2.0.0/webrick/server.rb:295:in `block in start_thread'


  Rendered /Users/naivivhernandez/.rvm/gems/ruby-2.0.0-p0/gems/actionpack-3.2.11/lib/action_dispatch/middleware/templates/rescues/routing_error.erb within rescues/layout (0.5ms)


Started GET "/css/icon/font-awesome.css" for 127.0.0.1 at 2013-10-24 19:54:46 -0400

ActionController::RoutingError (No route matches [GET] "/css/icon/font-awesome.css"):
  actionpack (3.2.11) lib/action_dispatch/middleware/debug_exceptions.rb:21:in `call'
  actionpack (3.2.11) lib/action_dispatch/middleware/show_exceptions.rb:56:in `call'
  railties (3.2.11) lib/rails/rack/logger.rb:32:in `call_app'
  railties (3.2.11) lib/rails/rack/logger.rb:16:in `block in call'
  activesupport (3.2.11) lib/active_support/tagged_logging.rb:22:in `tagged'
  railties (3.2.11) lib/rails/rack/logger.rb:16:in `call'
  actionpack (3.2.11) lib/action_dispatch/middleware/request_id.rb:22:in `call'
  rack (1.4.5) lib/rack/methodoverride.rb:21:in `call'
  rack (1.4.5) lib/rack/runtime.rb:17:in `call'
  activesupport (3.2.11) lib/active_support/cache/strategy/local_cache.rb:72:in `call'
  rack (1.4.5) lib/rack/lock.rb:15:in `call'
  actionpack (3.2.11) lib/action_dispatch/middleware/static.rb:62:in `call'
  railties (3.2.11) lib/rails/engine.rb:479:in `call'
  railties (3.2.11) lib/rails/application.rb:223:in `call'
  rack (1.4.5) lib/rack/content_length.rb:14:in `call'
  railties (3.2.11) lib/rails/rack/log_tailer.rb:17:in `call'
  rack (1.4.5) lib/rack/handler/webrick.rb:59:in `service'
  /Users/naivivhernandez/.rvm/rubies/ruby-2.0.0-p0/lib/ruby/2.0.0/webrick/httpserver.rb:138:in `service'
  /Users/naivivhernandez/.rvm/rubies/ruby-2.0.0-p0/lib/ruby/2.0.0/webrick/httpserver.rb:94:in `run'
  /Users/naivivhernandez/.rvm/rubies/ruby-2.0.0-p0/lib/ruby/2.0.0/webrick/server.rb:295:in `block in start_thread'


  Rendered /Users/naivivhernandez/.rvm/gems/ruby-2.0.0-p0/gems/actionpack-3.2.11/lib/action_dispatch/middleware/templates/rescues/routing_error.erb within rescues/layout (0.6ms)


Started GET "/css/bootstrap-responsive.css" for 127.0.0.1 at 2013-10-24 19:54:47 -0400

ActionController::RoutingError (No route matches [GET] "/css/bootstrap-responsive.css"):
  actionpack (3.2.11) lib/action_dispatch/middleware/debug_exceptions.rb:21:in `call'
  actionpack (3.2.11) lib/action_dispatch/middleware/show_exceptions.rb:56:in `call'
  railties (3.2.11) lib/rails/rack/logger.rb:32:in `call_app'
  railties (3.2.11) lib/rails/rack/logger.rb:16:in `block in call'
  activesupport (3.2.11) lib/active_support/tagged_logging.rb:22:in `tagged'
  railties (3.2.11) lib/rails/rack/logger.rb:16:in `call'
  actionpack (3.2.11) lib/action_dispatch/middleware/request_id.rb:22:in `call'
  rack (1.4.5) lib/rack/methodoverride.rb:21:in `call'
  rack (1.4.5) lib/rack/runtime.rb:17:in `call'
  activesupport (3.2.11) lib/active_support/cache/strategy/local_cache.rb:72:in `call'
  rack (1.4.5) lib/rack/lock.rb:15:in `call'
  actionpack (3.2.11) lib/action_dispatch/middleware/static.rb:62:in `call'
  railties (3.2.11) lib/rails/engine.rb:479:in `call'
  railties (3.2.11) lib/rails/application.rb:223:in `call'
  rack (1.4.5) lib/rack/content_length.rb:14:in `call'
  railties (3.2.11) lib/rails/rack/log_tailer.rb:17:in `call'
  rack (1.4.5) lib/rack/handler/webrick.rb:59:in `service'
  /Users/naivivhernandez/.rvm/rubies/ruby-2.0.0-p0/lib/ruby/2.0.0/webrick/httpserver.rb:138:in `service'
  /Users/naivivhernandez/.rvm/rubies/ruby-2.0.0-p0/lib/ruby/2.0.0/webrick/httpserver.rb:94:in `run'
  /Users/naivivhernandez/.rvm/rubies/ruby-2.0.0-p0/lib/ruby/2.0.0/webrick/server.rb:295:in `block in start_thread'


  Rendered /Users/naivivhernandez/.rvm/gems/ruby-2.0.0-p0/gems/actionpack-3.2.11/lib/action_dispatch/middleware/templates/rescues/routing_error.erb within rescues/layout (0.5ms)


Started GET "/js/jquery.min.js" for 127.0.0.1 at 2013-10-24 19:54:47 -0400

ActionController::RoutingError (No route matches [GET] "/js/jquery.min.js"):
  actionpack (3.2.11) lib/action_dispatch/middleware/debug_exceptions.rb:21:in `call'
  actionpack (3.2.11) lib/action_dispatch/middleware/show_exceptions.rb:56:in `call'
  railties (3.2.11) lib/rails/rack/logger.rb:32:in `call_app'
  railties (3.2.11) lib/rails/rack/logger.rb:16:in `block in call'
  activesupport (3.2.11) lib/active_support/tagged_logging.rb:22:in `tagged'
  railties (3.2.11) lib/rails/rack/logger.rb:16:in `call'
  actionpack (3.2.11) lib/action_dispatch/middleware/request_id.rb:22:in `call'
  rack (1.4.5) lib/rack/methodoverride.rb:21:in `call'
  rack (1.4.5) lib/rack/runtime.rb:17:in `call'
  activesupport (3.2.11) lib/active_support/cache/strategy/local_cache.rb:72:in `call'
  rack (1.4.5) lib/rack/lock.rb:15:in `call'
  actionpack (3.2.11) lib/action_dispatch/middleware/static.rb:62:in `call'
  railties (3.2.11) lib/rails/engine.rb:479:in `call'
  railties (3.2.11) lib/rails/application.rb:223:in `call'
  rack (1.4.5) lib/rack/content_length.rb:14:in `call'
  railties (3.2.11) lib/rails/rack/log_tailer.rb:17:in `call'
  rack (1.4.5) lib/rack/handler/webrick.rb:59:in `service'
  /Users/naivivhernandez/.rvm/rubies/ruby-2.0.0-p0/lib/ruby/2.0.0/webrick/httpserver.rb:138:in `service'
  /Users/naivivhernandez/.rvm/rubies/ruby-2.0.0-p0/lib/ruby/2.0.0/webrick/httpserver.rb:94:in `run'
  /Users/naivivhernandez/.rvm/rubies/ruby-2.0.0-p0/lib/ruby/2.0.0/webrick/server.rb:295:in `block in start_thread'


  Rendered /Users/naivivhernandez/.rvm/gems/ruby-2.0.0-p0/gems/actionpack-3.2.11/lib/action_dispatch/middleware/templates/rescues/routing_error.erb within rescues/layout (0.5ms)


Started GET "/assets/jquery.js?body=1" for 127.0.0.1 at 2013-10-24 19:54:47 -0400
Served asset /jquery.js - 200 OK (6ms)


Started GET "/assets/jquery_ujs.js?body=1" for 127.0.0.1 at 2013-10-24 19:54:47 -0400
Served asset /jquery_ujs.js - 200 OK (6ms)


Started GET "/assets/twitter/bootstrap/bootstrap-transition.js?body=1" for 127.0.0.1 at 2013-10-24 19:54:47 -0400
Served asset /twitter/bootstrap/bootstrap-transition.js - 200 OK (6ms)


Started GET "/assets/twitter/bootstrap/bootstrap-alert.js?body=1" for 127.0.0.1 at 2013-10-24 19:54:47 -0400
Served asset /twitter/bootstrap/bootstrap-alert.js - 200 OK (8ms)


Started GET "/assets/twitter/bootstrap/bootstrap-modal.js?body=1" for 127.0.0.1 at 2013-10-24 19:54:47 -0400
Served asset /twitter/bootstrap/bootstrap-modal.js - 200 OK (6ms)


Started GET "/assets/twitter/bootstrap/bootstrap-dropdown.js?body=1" for 127.0.0.1 at 2013-10-24 19:54:47 -0400
Served asset /twitter/bootstrap/bootstrap-dropdown.js - 200 OK (10ms)


Started GET "/assets/twitter/bootstrap/bootstrap-scrollspy.js?body=1" for 127.0.0.1 at 2013-10-24 19:54:47 -0400
Served asset /twitter/bootstrap/bootstrap-scrollspy.js - 200 OK (4ms)


Started GET "/assets/twitter/bootstrap/bootstrap-tab.js?body=1" for 127.0.0.1 at 2013-10-24 19:54:47 -0400
Served asset /twitter/bootstrap/bootstrap-tab.js - 200 OK (5ms)


Started GET "/assets/twitter/bootstrap/bootstrap-tooltip.js?body=1" for 127.0.0.1 at 2013-10-24 19:54:47 -0400
Served asset /twitter/bootstrap/bootstrap-tooltip.js - 200 OK (6ms)


Started GET "/assets/twitter/bootstrap/bootstrap-popover.js?body=1" for 127.0.0.1 at 2013-10-24 19:54:47 -0400
Served asset /twitter/bootstrap/bootstrap-popover.js - 200 OK (5ms)


Started GET "/assets/twitter/bootstrap/bootstrap-button.js?body=1" for 127.0.0.1 at 2013-10-24 19:54:47 -0400
Served asset /twitter/bootstrap/bootstrap-button.js - 200 OK (4ms)


Started GET "/assets/twitter/bootstrap/bootstrap-collapse.js?body=1" for 127.0.0.1 at 2013-10-24 19:54:47 -0400
Served asset /twitter/bootstrap/bootstrap-collapse.js - 200 OK (5ms)


Started GET "/assets/twitter/bootstrap/bootstrap-carousel.js?body=1" for 127.0.0.1 at 2013-10-24 19:54:47 -0400
Served asset /twitter/bootstrap/bootstrap-carousel.js - 200 OK (2ms)


Started GET "/assets/twitter/bootstrap/bootstrap-typeahead.js?body=1" for 127.0.0.1 at 2013-10-24 19:54:47 -0400
Served asset /twitter/bootstrap/bootstrap-typeahead.js - 200 OK (7ms)


Started GET "/assets/twitter/bootstrap/bootstrap-affix.js?body=1" for 127.0.0.1 at 2013-10-24 19:54:47 -0400
Served asset /twitter/bootstrap/bootstrap-affix.js - 200 OK (4ms)


Started GET "/assets/twitter/bootstrap.js?body=1" for 127.0.0.1 at 2013-10-24 19:54:47 -0400
Served asset /twitter/bootstrap.js - 200 OK (14ms)


Started GET "/assets/dataTables/jquery.dataTables.js?body=1" for 127.0.0.1 at 2013-10-24 19:54:47 -0400
Served asset /dataTables/jquery.dataTables.js - 200 OK (5ms)


Started GET "/assets/appusers.js?body=1" for 127.0.0.1 at 2013-10-24 19:54:47 -0400
Served asset /appusers.js - 200 OK (6ms)


Started GET "/assets/bootstrap.js?body=1" for 127.0.0.1 at 2013-10-24 19:54:47 -0400
Served asset /bootstrap.js - 200 OK (4ms)


Started GET "/assets/jquery.dataTables.min.js?body=1" for 127.0.0.1 at 2013-10-24 19:54:47 -0400
Served asset /jquery.dataTables.min.js - 200 OK (4ms)


Started GET "/assets/medications.js?body=1" for 127.0.0.1 at 2013-10-24 19:54:47 -0400
Served asset /medications.js - 200 OK (5ms)


Started GET "/assets/patients.js?body=1" for 127.0.0.1 at 2013-10-24 19:54:47 -0400
Served asset /patients.js - 200 OK (5ms)


Started GET "/assets/prescriptions.js?body=1" for 127.0.0.1 at 2013-10-24 19:54:47 -0400
Served asset /prescriptions.js - 200 OK (47ms)


Started GET "/assets/sessions.js?body=1" for 127.0.0.1 at 2013-10-24 19:54:47 -0400
Served asset /sessions.js - 200 OK (1ms)


Started GET "/assets/static_pages.js?body=1" for 127.0.0.1 at 2013-10-24 19:54:47 -0400
Served asset /static_pages.js - 200 OK (1ms)


Started GET "/assets/users.js?body=1" for 127.0.0.1 at 2013-10-24 19:54:47 -0400
Served asset /users.js - 200 OK (1ms)


Started GET "/assets/visits.js?body=1" for 127.0.0.1 at 2013-10-24 19:54:47 -0400
Served asset /visits.js - 200 OK (1ms)


Started GET "/assets/application.js?body=1" for 127.0.0.1 at 2013-10-24 19:54:47 -0400
Served asset /application.js - 200 OK (21ms)


Started POST "/sessions" for 127.0.0.1 at 2013-10-24 19:55:50 -0400
Processing by SessionsController#create as HTML
  Parameters: {"utf8"=>"✓", "authenticity_token"=>"Zb22t6tioWvAfFZey3AG4SbUrX+jueUq0Ea1I0ZT77I=", "session"=>{"userName"=>"epere250", "password"=>"[FILTERED]"}, "commit"=>"Sign in"}
  [1m[36mUser Load (0.2ms)[0m  [1mSELECT "users".* FROM "users" WHERE "users"."userName" = 'epere250' LIMIT 1[0m
Redirected to http://0.0.0.0:3000/home
Completed 302 Found in 120ms (ActiveRecord: 0.2ms)


Started GET "/home" for 127.0.0.1 at 2013-10-24 19:55:50 -0400
Processing by StaticPagesController#home as HTML
  [1m[35mUser Load (0.2ms)[0m  SELECT "users".* FROM "users" WHERE "users"."remember_token" = 'tZIbYRnxFAsd27brtnvV4Q' LIMIT 1
DEPRECATION WARNING: Calling set_primary_key is deprecated. Please use `self.primary_key = 'the_name'` instead. (called from <class:Patient> at /Users/naivivhernandez/Documents/Cloud App/app/models/patient.rb:15)
DEPRECATION WARNING: Calling set_primary_key is deprecated. Please use `self.primary_key = 'the_name'` instead. (called from <class:Visit> at /Users/naivivhernandez/Documents/Cloud App/app/models/visit.rb:7)
  [1m[36mPatient Load (13.3ms)[0m  [1mSELECT "patients".* FROM "patients" ORDER BY "patients"."updated_at"[0m
  Rendered static_pages/home.html.erb within layouts/application (15.4ms)
  Rendered layouts/_header.html.erb (44.4ms)
  Rendered layouts/_sidebar.html.erb (2.1ms)
Completed 200 OK in 107ms (Views: 80.0ms | ActiveRecord: 13.7ms)


Started GET "/assets/fontawesome-webfont.woff" for 127.0.0.1 at 2013-10-24 19:55:50 -0400
Served asset /fontawesome-webfont.woff - 200 OK (27ms)


Started GET "/medications" for 127.0.0.1 at 2013-10-24 19:56:02 -0400
DEPRECATION WARNING: Calling set_primary_key is deprecated. Please use `self.primary_key = 'the_name'` instead. (called from <class:Medication> at /Users/naivivhernandez/Documents/Cloud App/app/models/medication.rb:13)
Processing by MedicationsController#index as HTML
  [1m[35mUser Load (0.2ms)[0m  SELECT "users".* FROM "users" WHERE "users"."remember_token" = 'tZIbYRnxFAsd27brtnvV4Q' LIMIT 1
  [1m[36mMedication Load (8.1ms)[0m  [1mSELECT "medications".* FROM "medications" ORDER BY "medications"."name"[0m
  Rendered medications/index.html.erb within layouts/application (10.6ms)
  Rendered layouts/_header.html.erb (1.3ms)
  Rendered layouts/_sidebar.html.erb (0.9ms)
Completed 200 OK in 30ms (Views: 19.3ms | ActiveRecord: 8.5ms)


Started GET "/assets/dataTables/sort_both.png" for 127.0.0.1 at 2013-10-24 19:56:02 -0400
Served asset /dataTables/sort_both.png - 200 OK (19ms)


Started GET "/assets/dataTables/sort_asc.png" for 127.0.0.1 at 2013-10-24 19:56:02 -0400
Served asset /dataTables/sort_asc.png - 200 OK (17ms)


Started GET "/patients" for 127.0.0.1 at 2013-10-24 19:56:04 -0400
Processing by PatientsController#index as HTML
  [1m[35mUser Load (0.2ms)[0m  SELECT "users".* FROM "users" WHERE "users"."remember_token" = 'tZIbYRnxFAsd27brtnvV4Q' LIMIT 1
  [1m[36mPatient Load (0.1ms)[0m  [1mSELECT "patients".* FROM "patients" [0m
  Rendered patients/index.html.erb within layouts/application (0.5ms)
  Rendered layouts/_header.html.erb (1.4ms)
  Rendered layouts/_sidebar.html.erb (0.9ms)
Completed 200 OK in 19ms (Views: 16.7ms | ActiveRecord: 0.2ms)


Started GET "/createappuser" for 127.0.0.1 at 2013-10-24 19:56:06 -0400
DEPRECATION WARNING: Calling set_primary_key is deprecated. Please use `self.primary_key = 'the_name'` instead. (called from <class:Appuser> at /Users/naivivhernandez/Documents/Cloud App/app/models/appuser.rb:25)
Processing by AppusersController#new as HTML
  [1m[35mUser Load (0.2ms)[0m  SELECT "users".* FROM "users" WHERE "users"."remember_token" = 'tZIbYRnxFAsd27brtnvV4Q' LIMIT 1
  Rendered shared/_error_messages_appuser.html.erb (0.4ms)
  Rendered appusers/new.html.erb within layouts/application (5.1ms)
  Rendered layouts/_header.html.erb (1.9ms)
  Rendered layouts/_sidebar.html.erb (1.3ms)
Completed 200 OK in 82ms (Views: 67.5ms | ActiveRecord: 0.2ms)


Started GET "/createappuser" for 127.0.0.1 at 2013-10-24 19:56:22 -0400
Processing by AppusersController#new as HTML
  [1m[36mUser Load (0.2ms)[0m  [1mSELECT "users".* FROM "users" WHERE "users"."remember_token" = 'tZIbYRnxFAsd27brtnvV4Q' LIMIT 1[0m
  Rendered shared/_error_messages_appuser.html.erb (0.1ms)
  Rendered appusers/new.html.erb within layouts/application (2.8ms)
  Rendered layouts/_header.html.erb (1.6ms)
  Rendered layouts/_sidebar.html.erb (1.0ms)
Completed 200 OK in 66ms (Views: 64.9ms | ActiveRecord: 0.2ms)


Started GET "/appusers" for 127.0.0.1 at 2013-10-24 19:56:26 -0400
Processing by AppusersController#index as HTML
  [1m[35mUser Load (0.2ms)[0m  SELECT "users".* FROM "users" WHERE "users"."remember_token" = 'tZIbYRnxFAsd27brtnvV4Q' LIMIT 1
  [1m[36mAppuser Load (43.0ms)[0m  [1mSELECT "appusers".* FROM "appusers" [0m
  Rendered appusers/index.html.erb within layouts/application (0.7ms)
  Rendered layouts/_header.html.erb (1.8ms)
  Rendered layouts/_sidebar.html.erb (1.0ms)
Completed 200 OK in 73ms (Views: 27.8ms | ActiveRecord: 43.2ms)


Started GET "/createuser" for 127.0.0.1 at 2013-10-24 19:56:27 -0400
Processing by UsersController#new as HTML
  [1m[35mUser Load (0.2ms)[0m  SELECT "users".* FROM "users" WHERE "users"."remember_token" = 'tZIbYRnxFAsd27brtnvV4Q' LIMIT 1
  Rendered shared/_error_messages.html.erb (0.5ms)
  Rendered users/new.html.erb within layouts/application (5.4ms)
  Rendered layouts/_header.html.erb (1.6ms)
  Rendered layouts/_sidebar.html.erb (1.1ms)
Completed 200 OK in 27ms (Views: 25.4ms | ActiveRecord: 0.2ms)


Started GET "/users" for 127.0.0.1 at 2013-10-24 19:56:31 -0400
Processing by UsersController#index as HTML
  [1m[36mUser Load (0.2ms)[0m  [1mSELECT "users".* FROM "users" [0m
  Rendered users/index.html.erb within layouts/application (2.5ms)
  [1m[35mUser Load (0.2ms)[0m  SELECT "users".* FROM "users" WHERE "users"."remember_token" = 'tZIbYRnxFAsd27brtnvV4Q' LIMIT 1
  Rendered layouts/_header.html.erb (1.5ms)
  Rendered layouts/_sidebar.html.erb (1.0ms)
Completed 200 OK in 65ms (Views: 63.5ms | ActiveRecord: 0.4ms)
Connecting to database specified by database.yml
  [1m[36m (13.2ms)[0m  [1mSELECT "schema_migrations"."version" FROM "schema_migrations" [0m
Migrating to CreateUsers (20130205042245)
Migrating to CreatePatients (20130212222241)
Migrating to CreateVisits (20130222220557)
Migrating to CreatePrescriptions (20130222221034)
Migrating to CreateMedications (20130222221231)
Migrating to CreateUserTokens (20130324140754)
Migrating to CreateAppusers (20130324181529)
Migrating to AddIndexsl (20130329154528)
Migrating to AddAttachmentPictureToPatients (20130331195220)
Migrating to AddAttachmentAvatarToAppusers (20130331211106)
Migrating to AddAttachmentAvatarToUsers (20130406190110)
Migrating to AddMedNotesToMedication (20130423222846)
Migrating to AddNotesToMedication (20130423223018)
  [1m[35m (0.1ms)[0m  select sqlite_version(*)
  [1m[36m (0.1ms)[0m  [1mSELECT "schema_migrations"."version" FROM "schema_migrations" [0m
Connecting to database specified by database.yml


Started GET "/users" for 127.0.0.1 at 2013-10-24 20:59:12 -0400

Gem::LoadError (can't activate bcrypt-ruby (~> 3.0.0), already activated bcrypt-ruby-3.1.2. Make sure all dependencies are added to Gemfile.):
  app/models/user.rb:9:in `<class:User>'
  app/models/user.rb:1:in `<top (required)>'
  app/controllers/users_controller.rb:1:in `<top (required)>'


  Rendered /Users/naivivhernandez/.rvm/gems/ruby-2.0.0-p0/gems/actionpack-3.2.11/lib/action_dispatch/middleware/templates/rescues/_trace.erb (1.4ms)
  Rendered /Users/naivivhernandez/.rvm/gems/ruby-2.0.0-p0/gems/actionpack-3.2.11/lib/action_dispatch/middleware/templates/rescues/_request_and_response.erb (2.4ms)
  Rendered /Users/naivivhernandez/.rvm/gems/ruby-2.0.0-p0/gems/actionpack-3.2.11/lib/action_dispatch/middleware/templates/rescues/diagnostics.erb within rescues/layout (15.4ms)
Connecting to database specified by database.yml
Connecting to database specified by database.yml
Connecting to database specified by database.yml


Started GET "/users" for 127.0.0.1 at 2013-10-24 21:08:10 -0400
DEPRECATION WARNING: Calling set_primary_key is deprecated. Please use `self.primary_key = 'the_name'` instead. (called from <class:User> at /Users/naivivhernandez/Documents/Cloud App/app/models/user.rb:31)
Processing by UsersController#index as HTML
  [1m[36mUser Load (17.7ms)[0m  [1mSELECT "users".* FROM "users" [0m
  Rendered users/index.html.erb within layouts/application (4.4ms)
  [1m[35mUser Load (0.2ms)[0m  SELECT "users".* FROM "users" WHERE "users"."remember_token" = 'tZIbYRnxFAsd27brtnvV4Q' LIMIT 1
  Rendered layouts/_header.html.erb (2.5ms)
  Rendered layouts/_sidebar.html.erb (2.0ms)
Completed 200 OK in 346ms (Views: 292.6ms | ActiveRecord: 19.2ms)


Started GET "/assets/medications.css?body=1" for 127.0.0.1 at 2013-10-24 21:08:10 -0400
Served asset /medications.css - 304 Not Modified (1ms)


Started GET "/assets/bootstrap_and_overrides.css?body=1" for 127.0.0.1 at 2013-10-24 21:08:10 -0400
Served asset /bootstrap_and_overrides.css - 304 Not Modified (5ms)


Started GET "/assets/application.css?body=1" for 127.0.0.1 at 2013-10-24 21:08:10 -0400
Served asset /application.css - 304 Not Modified (15ms)


Started GET "/assets/appusers.css?body=1" for 127.0.0.1 at 2013-10-24 21:08:10 -0400
Served asset /appusers.css - 304 Not Modified (4ms)


Started GET "/assets/login.css?body=1" for 127.0.0.1 at 2013-10-24 21:08:10 -0400
Served asset /login.css - 304 Not Modified (5ms)


Started GET "/assets/patients.css?body=1" for 127.0.0.1 at 2013-10-24 21:08:10 -0400
Served asset /patients.css - 304 Not Modified (5ms)


Started GET "/assets/prescriptions.css?body=1" for 127.0.0.1 at 2013-10-24 21:08:10 -0400
Served asset /prescriptions.css - 304 Not Modified (4ms)


Started GET "/assets/sessions.css?body=1" for 127.0.0.1 at 2013-10-24 21:08:10 -0400
Served asset /sessions.css - 304 Not Modified (5ms)


Started GET "/assets/users.css?body=1" for 127.0.0.1 at 2013-10-24 21:08:10 -0400
Served asset /users.css - 304 Not Modified (5ms)


Started GET "/assets/visits.css?body=1" for 127.0.0.1 at 2013-10-24 21:08:10 -0400
Served asset /visits.css - 304 Not Modified (4ms)


Started GET "/assets/dataTables/jquery.dataTables.css?body=1" for 127.0.0.1 at 2013-10-24 21:08:10 -0400
Served asset /dataTables/jquery.dataTables.css - 304 Not Modified (19ms)


Started GET "/assets/jquery.ui.core.css?body=1" for 127.0.0.1 at 2013-10-24 21:08:10 -0400
Served asset /jquery.ui.core.css - 304 Not Modified (6ms)


Started GET "/assets/jquery.ui.theme.css?body=1" for 127.0.0.1 at 2013-10-24 21:08:10 -0400
Served asset /jquery.ui.theme.css - 304 Not Modified (7ms)


Started GET "/assets/jquery.js?body=1" for 127.0.0.1 at 2013-10-24 21:08:10 -0400
Served asset /jquery.js - 304 Not Modified (8ms)


Started GET "/assets/jquery_ujs.js?body=1" for 127.0.0.1 at 2013-10-24 21:08:10 -0400
Served asset /jquery_ujs.js - 304 Not Modified (5ms)


Started GET "/assets/twitter/bootstrap/bootstrap-transition.js?body=1" for 127.0.0.1 at 2013-10-24 21:08:10 -0400
Served asset /twitter/bootstrap/bootstrap-transition.js - 304 Not Modified (28ms)


Started GET "/assets/twitter/bootstrap/bootstrap-alert.js?body=1" for 127.0.0.1 at 2013-10-24 21:08:11 -0400
Served asset /twitter/bootstrap/bootstrap-alert.js - 304 Not Modified (7ms)


Started GET "/assets/twitter/bootstrap/bootstrap-modal.js?body=1" for 127.0.0.1 at 2013-10-24 21:08:11 -0400
Served asset /twitter/bootstrap/bootstrap-modal.js - 304 Not Modified (6ms)


Started GET "/assets/twitter/bootstrap/bootstrap-dropdown.js?body=1" for 127.0.0.1 at 2013-10-24 21:08:11 -0400
Served asset /twitter/bootstrap/bootstrap-dropdown.js - 304 Not Modified (7ms)


Started GET "/assets/twitter/bootstrap/bootstrap-tab.js?body=1" for 127.0.0.1 at 2013-10-24 21:08:11 -0400
Served asset /twitter/bootstrap/bootstrap-tab.js - 304 Not Modified (6ms)


Started GET "/assets/twitter/bootstrap/bootstrap-scrollspy.js?body=1" for 127.0.0.1 at 2013-10-24 21:08:11 -0400
Served asset /twitter/bootstrap/bootstrap-scrollspy.js - 304 Not Modified (6ms)


Started GET "/assets/twitter/bootstrap/bootstrap-tooltip.js?body=1" for 127.0.0.1 at 2013-10-24 21:08:11 -0400
Served asset /twitter/bootstrap/bootstrap-tooltip.js - 304 Not Modified (6ms)


Started GET "/assets/twitter/bootstrap/bootstrap-popover.js?body=1" for 127.0.0.1 at 2013-10-24 21:08:11 -0400
Served asset /twitter/bootstrap/bootstrap-popover.js - 304 Not Modified (6ms)


Started GET "/assets/twitter/bootstrap/bootstrap-button.js?body=1" for 127.0.0.1 at 2013-10-24 21:08:11 -0400
Served asset /twitter/bootstrap/bootstrap-button.js - 304 Not Modified (5ms)


Started GET "/assets/fontawesome-webfont.woff" for 127.0.0.1 at 2013-10-24 21:08:11 -0400
Served asset /fontawesome-webfont.woff - 304 Not Modified (27ms)


Started GET "/assets/twitter/bootstrap/bootstrap-collapse.js?body=1" for 127.0.0.1 at 2013-10-24 21:08:11 -0400
Served asset /twitter/bootstrap/bootstrap-collapse.js - 304 Not Modified (7ms)


Started GET "/assets/twitter/bootstrap/bootstrap-carousel.js?body=1" for 127.0.0.1 at 2013-10-24 21:08:11 -0400
Served asset /twitter/bootstrap/bootstrap-carousel.js - 304 Not Modified (6ms)


Started GET "/assets/twitter/bootstrap/bootstrap-typeahead.js?body=1" for 127.0.0.1 at 2013-10-24 21:08:11 -0400
Served asset /twitter/bootstrap/bootstrap-typeahead.js - 304 Not Modified (7ms)


Started GET "/assets/twitter/bootstrap/bootstrap-affix.js?body=1" for 127.0.0.1 at 2013-10-24 21:08:11 -0400
Served asset /twitter/bootstrap/bootstrap-affix.js - 304 Not Modified (5ms)


Started GET "/assets/twitter/bootstrap.js?body=1" for 127.0.0.1 at 2013-10-24 21:08:11 -0400
Served asset /twitter/bootstrap.js - 304 Not Modified (14ms)


Started GET "/assets/dataTables/jquery.dataTables.js?body=1" for 127.0.0.1 at 2013-10-24 21:08:11 -0400
Served asset /dataTables/jquery.dataTables.js - 304 Not Modified (3ms)


Started GET "/assets/appusers.js?body=1" for 127.0.0.1 at 2013-10-24 21:08:11 -0400
Served asset /appusers.js - 304 Not Modified (4ms)


Started GET "/assets/bootstrap.js?body=1" for 127.0.0.1 at 2013-10-24 21:08:11 -0400
Served asset /bootstrap.js - 304 Not Modified (5ms)


Started GET "/assets/jquery.dataTables.min.js?body=1" for 127.0.0.1 at 2013-10-24 21:08:11 -0400
Served asset /jquery.dataTables.min.js - 304 Not Modified (6ms)


Started GET "/assets/medications.js?body=1" for 127.0.0.1 at 2013-10-24 21:08:11 -0400
Served asset /medications.js - 304 Not Modified (5ms)


Started GET "/assets/patients.js?body=1" for 127.0.0.1 at 2013-10-24 21:08:11 -0400
Served asset /patients.js - 304 Not Modified (4ms)


Started GET "/assets/prescriptions.js?body=1" for 127.0.0.1 at 2013-10-24 21:08:11 -0400
Served asset /prescriptions.js - 304 Not Modified (6ms)


Started GET "/assets/sessions.js?body=1" for 127.0.0.1 at 2013-10-24 21:08:11 -0400
Served asset /sessions.js - 304 Not Modified (2ms)


Started GET "/assets/static_pages.js?body=1" for 127.0.0.1 at 2013-10-24 21:08:11 -0400
Served asset /static_pages.js - 304 Not Modified (4ms)


Started GET "/assets/users.js?body=1" for 127.0.0.1 at 2013-10-24 21:08:11 -0400
Served asset /users.js - 304 Not Modified (1ms)


Started GET "/assets/visits.js?body=1" for 127.0.0.1 at 2013-10-24 21:08:11 -0400
Served asset /visits.js - 304 Not Modified (1ms)


Started GET "/assets/application.js?body=1" for 127.0.0.1 at 2013-10-24 21:08:11 -0400
Served asset /application.js - 304 Not Modified (64ms)


Started GET "/assets/dataTables/sort_both.png" for 127.0.0.1 at 2013-10-24 21:08:11 -0400
Served asset /dataTables/sort_both.png - 304 Not Modified (16ms)


Started GET "/assets/dataTables/sort_asc.png" for 127.0.0.1 at 2013-10-24 21:08:11 -0400
Served asset /dataTables/sort_asc.png - 304 Not Modified (8ms)


Started GET "/users" for 127.0.0.1 at 2013-10-24 21:08:15 -0400
Processing by UsersController#index as HTML
  [1m[36mUser Load (0.2ms)[0m  [1mSELECT "users".* FROM "users" [0m
  Rendered users/index.html.erb within layouts/application (1.6ms)
  [1m[35mUser Load (0.2ms)[0m  SELECT "users".* FROM "users" WHERE "users"."remember_token" = 'tZIbYRnxFAsd27brtnvV4Q' LIMIT 1
  Rendered layouts/_header.html.erb (1.5ms)
  Rendered layouts/_sidebar.html.erb (1.0ms)
Completed 200 OK in 21ms (Views: 19.0ms | ActiveRecord: 0.4ms)


Started GET "/assets/bootstrap_and_overrides.css?body=1" for 127.0.0.1 at 2013-10-24 21:08:15 -0400
Served asset /bootstrap_and_overrides.css - 304 Not Modified (0ms)


Started GET "/assets/appusers.css?body=1" for 127.0.0.1 at 2013-10-24 21:08:15 -0400
Served asset /appusers.css - 304 Not Modified (0ms)


Started GET "/assets/medications.css?body=1" for 127.0.0.1 at 2013-10-24 21:08:15 -0400
Served asset /medications.css - 304 Not Modified (0ms)


Started GET "/assets/login.css?body=1" for 127.0.0.1 at 2013-10-24 21:08:15 -0400
Served asset /login.css - 304 Not Modified (0ms)


Started GET "/assets/application.css?body=1" for 127.0.0.1 at 2013-10-24 21:08:15 -0400
Served asset /application.css - 304 Not Modified (0ms)


Started GET "/assets/patients.css?body=1" for 127.0.0.1 at 2013-10-24 21:08:15 -0400
Served asset /patients.css - 304 Not Modified (0ms)


Started GET "/assets/prescriptions.css?body=1" for 127.0.0.1 at 2013-10-24 21:08:15 -0400
Served asset /prescriptions.css - 304 Not Modified (0ms)


Started GET "/assets/sessions.css?body=1" for 127.0.0.1 at 2013-10-24 21:08:15 -0400
Served asset /sessions.css - 304 Not Modified (0ms)


Started GET "/assets/users.css?body=1" for 127.0.0.1 at 2013-10-24 21:08:15 -0400
Served asset /users.css - 304 Not Modified (0ms)


Started GET "/assets/visits.css?body=1" for 127.0.0.1 at 2013-10-24 21:08:15 -0400
Served asset /visits.css - 304 Not Modified (0ms)


Started GET "/assets/dataTables/jquery.dataTables.css?body=1" for 127.0.0.1 at 2013-10-24 21:08:15 -0400
Served asset /dataTables/jquery.dataTables.css - 304 Not Modified (0ms)


Started GET "/assets/jquery.ui.core.css?body=1" for 127.0.0.1 at 2013-10-24 21:08:15 -0400
Served asset /jquery.ui.core.css - 304 Not Modified (0ms)


Started GET "/assets/jquery.ui.theme.css?body=1" for 127.0.0.1 at 2013-10-24 21:08:15 -0400
Served asset /jquery.ui.theme.css - 304 Not Modified (0ms)


Started GET "/assets/jquery.js?body=1" for 127.0.0.1 at 2013-10-24 21:08:15 -0400
Served asset /jquery.js - 304 Not Modified (0ms)


Started GET "/assets/jquery_ujs.js?body=1" for 127.0.0.1 at 2013-10-24 21:08:15 -0400
Served asset /jquery_ujs.js - 304 Not Modified (0ms)


Started GET "/assets/twitter/bootstrap/bootstrap-transition.js?body=1" for 127.0.0.1 at 2013-10-24 21:08:15 -0400
Served asset /twitter/bootstrap/bootstrap-transition.js - 304 Not Modified (0ms)


Started GET "/assets/twitter/bootstrap/bootstrap-alert.js?body=1" for 127.0.0.1 at 2013-10-24 21:08:15 -0400
Served asset /twitter/bootstrap/bootstrap-alert.js - 304 Not Modified (0ms)


Started GET "/assets/twitter/bootstrap/bootstrap-modal.js?body=1" for 127.0.0.1 at 2013-10-24 21:08:15 -0400
Served asset /twitter/bootstrap/bootstrap-modal.js - 304 Not Modified (0ms)


Started GET "/assets/twitter/bootstrap/bootstrap-dropdown.js?body=1" for 127.0.0.1 at 2013-10-24 21:08:15 -0400
Served asset /twitter/bootstrap/bootstrap-dropdown.js - 304 Not Modified (0ms)


Started GET "/assets/twitter/bootstrap/bootstrap-scrollspy.js?body=1" for 127.0.0.1 at 2013-10-24 21:08:15 -0400
Served asset /twitter/bootstrap/bootstrap-scrollspy.js - 304 Not Modified (0ms)


Started GET "/assets/twitter/bootstrap/bootstrap-tab.js?body=1" for 127.0.0.1 at 2013-10-24 21:08:15 -0400
Served asset /twitter/bootstrap/bootstrap-tab.js - 304 Not Modified (0ms)


Started GET "/assets/twitter/bootstrap/bootstrap-tooltip.js?body=1" for 127.0.0.1 at 2013-10-24 21:08:15 -0400
Served asset /twitter/bootstrap/bootstrap-tooltip.js - 304 Not Modified (0ms)


Started GET "/assets/twitter/bootstrap/bootstrap-popover.js?body=1" for 127.0.0.1 at 2013-10-24 21:08:15 -0400
Served asset /twitter/bootstrap/bootstrap-popover.js - 304 Not Modified (0ms)


Started GET "/assets/twitter/bootstrap/bootstrap-button.js?body=1" for 127.0.0.1 at 2013-10-24 21:08:15 -0400
Served asset /twitter/bootstrap/bootstrap-button.js - 304 Not Modified (0ms)


Started GET "/assets/twitter/bootstrap/bootstrap-collapse.js?body=1" for 127.0.0.1 at 2013-10-24 21:08:15 -0400
Served asset /twitter/bootstrap/bootstrap-collapse.js - 304 Not Modified (0ms)


Started GET "/assets/twitter/bootstrap/bootstrap-carousel.js?body=1" for 127.0.0.1 at 2013-10-24 21:08:15 -0400
Served asset /twitter/bootstrap/bootstrap-carousel.js - 304 Not Modified (0ms)


Started GET "/assets/twitter/bootstrap/bootstrap-typeahead.js?body=1" for 127.0.0.1 at 2013-10-24 21:08:15 -0400
Served asset /twitter/bootstrap/bootstrap-typeahead.js - 304 Not Modified (0ms)


Started GET "/assets/twitter/bootstrap/bootstrap-affix.js?body=1" for 127.0.0.1 at 2013-10-24 21:08:15 -0400
Served asset /twitter/bootstrap/bootstrap-affix.js - 304 Not Modified (0ms)


Started GET "/assets/twitter/bootstrap.js?body=1" for 127.0.0.1 at 2013-10-24 21:08:15 -0400
Served asset /twitter/bootstrap.js - 304 Not Modified (0ms)


Started GET "/assets/dataTables/jquery.dataTables.js?body=1" for 127.0.0.1 at 2013-10-24 21:08:15 -0400
Served asset /dataTables/jquery.dataTables.js - 304 Not Modified (0ms)


Started GET "/assets/appusers.js?body=1" for 127.0.0.1 at 2013-10-24 21:08:15 -0400
Served asset /appusers.js - 304 Not Modified (0ms)


Started GET "/assets/bootstrap.js?body=1" for 127.0.0.1 at 2013-10-24 21:08:15 -0400
Served asset /bootstrap.js - 304 Not Modified (0ms)


Started GET "/assets/jquery.dataTables.min.js?body=1" for 127.0.0.1 at 2013-10-24 21:08:15 -0400
Served asset /jquery.dataTables.min.js - 304 Not Modified (0ms)


Started GET "/assets/medications.js?body=1" for 127.0.0.1 at 2013-10-24 21:08:15 -0400
Served asset /medications.js - 304 Not Modified (0ms)


Started GET "/assets/patients.js?body=1" for 127.0.0.1 at 2013-10-24 21:08:15 -0400
Served asset /patients.js - 304 Not Modified (0ms)


Started GET "/assets/prescriptions.js?body=1" for 127.0.0.1 at 2013-10-24 21:08:15 -0400
Served asset /prescriptions.js - 304 Not Modified (0ms)


Started GET "/assets/sessions.js?body=1" for 127.0.0.1 at 2013-10-24 21:08:15 -0400
Served asset /sessions.js - 304 Not Modified (0ms)


Started GET "/assets/static_pages.js?body=1" for 127.0.0.1 at 2013-10-24 21:08:15 -0400
Served asset /static_pages.js - 304 Not Modified (0ms)


Started GET "/assets/users.js?body=1" for 127.0.0.1 at 2013-10-24 21:08:15 -0400
Served asset /users.js - 304 Not Modified (0ms)


Started GET "/assets/visits.js?body=1" for 127.0.0.1 at 2013-10-24 21:08:15 -0400
Served asset /visits.js - 304 Not Modified (0ms)


Started GET "/assets/application.js?body=1" for 127.0.0.1 at 2013-10-24 21:08:15 -0400
Served asset /application.js - 304 Not Modified (0ms)
